<?xml version="1.0" encoding="UTF-8"?>
<!-- Generated by org.testng.reporters.JUnitXMLReporter -->
<testsuite ignored="4" hostname="DESKTOP-E8U6502" failures="0" tests="1" name="Default test" time="8.268" errors="0" timestamp="15 Aug 2022 15:05:00 GMT">
  <testcase classname="testcases.LoginTest" name="LinkList" time="2.207"/>
  <testcase classname="testcases.LoginTest" name="ParameterizedTest" time="0.0">
    <ignored/>
  </testcase> <!-- ParameterizedTest -->
  <testcase classname="testcases.LoginTest" name="ExternalDataTest" time="0.0">
    <ignored/>
  </testcase> <!-- ExternalDataTest -->
  <testcase classname="testcases.LoginTest" name="loginSuccessTest" time="0.0">
    <ignored/>
  </testcase> <!-- loginSuccessTest -->
  <testcase classname="testcases.LoginTest" name="loginFailureTest" time="0.0">
    <ignored/>
  </testcase> <!-- loginFailureTest -->
</testsuite> <!-- Default test -->
