<?xml version="1.0" encoding="UTF-8"?>
<!-- Generated by org.testng.reporters.JUnitXMLReporter -->
<testsuite ignored="0" hostname="DESKTOP-E8U6502" failures="0" tests="5" name="Test" time="77.676" errors="0" timestamp="15 Aug 2022 12:44:25 GMT">
  <testcase classname="testcases.LoginTest" name="ExternalDataTest" time="10.908"/>
  <testcase classname="testcases.LoginTest" name="LinkList" time="2.4"/>
  <testcase classname="testcases.LoginTest" name="ParameterizedTest" time="9.213"/>
  <testcase classname="testcases.LoginTest" name="loginFailureTest" time="13.922"/>
  <testcase classname="testcases.LoginTest" name="loginSuccessTest" time="11.585"/>
</testsuite> <!-- Test -->
