<?xml version="1.0" encoding="UTF-8"?>
<!-- Generated by org.testng.reporters.JUnitXMLReporter -->
<testsuite ignored="0" hostname="DESKTOP-E8U6502" failures="0" tests="5" name="Test" time="80.893" errors="0" timestamp="17 Aug 2022 10:00:42 GMT">
  <testcase classname="testcases.LoginTest" name="ExternalDataTest" time="14.025"/>
  <testcase classname="testcases.LoginTest" name="LinkList" time="2.158"/>
  <testcase classname="testcases.LoginTest" name="ParameterizedTest" time="14.141"/>
  <testcase classname="testcases.LoginTest" name="loginFailureTest" time="10.726"/>
  <testcase classname="testcases.LoginTest" name="loginSuccessTest" time="13.517"/>
</testsuite> <!-- Test -->
