<?xml version="1.0" encoding="UTF-8"?>
<testsuite xmlns:xsi="http://www.w3.org/2001/XMLSchema-instance" xsi:noNamespaceSchemaLocation="https://maven.apache.org/surefire/maven-surefire-plugin/xsd/surefire-test-report-3.0.xsd" version="3.0" name="TestSuite" time="82.945" tests="5" errors="0" skipped="0" failures="0">
  <properties>
[...]
</properties>
  <testcase name="ExternalDataTest" classname="testcases.LoginTest" time="13.98">
    <system-out><![CDATA[[TestNGContentHandler] [WARN] It is strongly recommended to add "<!DOCTYPE suite SYSTEM "http://testng.org/testng-1.0.dtd" >" at the top of your file, otherwise TestNG may fail or not work as expected.
]]></system-out>
    <system-err><![CDATA[Starting ChromeDriver 104.0.5112.79 (3cf3e8c8a07d104b9e1260c910efb8f383285dc5-refs/branch-heads/5112@{#1307}) on port 22571
Only local connections are allowed.
Please see https://chromedriver.chromium.org/security-considerations for suggestions on keeping ChromeDriver safe.
ChromeDriver was started successfully.
Aug 17, 2022 3:29:25 PM org.openqa.selenium.remote.ProtocolHandshake createSession
INFO: Detected dialect: W3C
]]></system-err>
  </testcase>
  <testcase name="LinkList" classname="testcases.LoginTest" time="2.135">
    <system-out><![CDATA[Total number of links are  ...152
https://www.simplilearn.com/job-guarantee-programs
https://www.simplilearn.com/resources
https://www.simplilearn.com/corporate-training
https://www.simplilearn.com/become-our-trainer
https://onlinetraining.simplilearn.com/hire-from-us
https://www.simplilearn.com/
https://lms.simplilearn.com/
https://www.simplilearn.com/#post-graduate-programs

https://www.simplilearn.com/ai-for-decision-making-program
https://www.simplilearn.com/product-management-certification-training-course
https://www.simplilearn.com/ms-in-artificial-intelligence
https://www.simplilearn.com/professional-certificate-digital-marketing
https://www.simplilearn.com/global-mba-program-online-course
https://www.simplilearn.com/pgp-cloud-computing-certification-training-course
https://www.simplilearn.com/pgp-data-science-certification-bootcamp-program
https://www.simplilearn.com/pgp-digital-supply-chain-management-certification-training-course
https://www.simplilearn.com/pgp-business-analysis-certification-training-course
https://www.simplilearn.com/iit-business-analytics-certification-program
https://www.simplilearn.com/pgp-digital-marketing-certification-program
https://www.simplilearn.com/pgp-ai-machine-learning-certification-training-course
https://www.simplilearn.com/blockchain-certification-training-course
https://www.simplilearn.com/pgp-devops-certification-training-course
https://www.simplilearn.com/pgp-advanced-executive-program-in-cyber-security
https://www.simplilearn.com/pgp-project-management-certification-training-course
https://www.simplilearn.com/pgp-lean-six-sigma-certification-training-course
https://www.simplilearn.com/pgp-full-stack-web-development-certification-training-course
https://www.simplilearn.com/pgp-data-analytics-certification-training-course
https://www.simplilearn.com/pgp-data-engineering-certification-training-course
https://www.simplilearn.com/pgp-cyber-security-certification-training-course
https://www.simplilearn.com/pgp-digital-transformation-certification-training-course
https://www.simplilearn.com/pgp-cloud-computing-professional-certificate-program
https://www.simplilearn.com/pgp-design-thinking-certification-training-course
https://www.simplilearn.com/master-in-engineering-management
https://www.simplilearn.com/digital-marketing-course-placement-guarantee
https://www.simplilearn.com/java-full-stack-developer-certification-training-course
https://www.simplilearn.com/data-science-course-placement-guarantee
https://www.simplilearn.com/advanced-digital-marketing-certification-training-course
https://www.simplilearn.com/cloud-solutions-architect-masters-program-training
https://www.simplilearn.com/artificial-intelligence-masters-program-training-course
https://www.simplilearn.com/big-data-and-analytics/senior-data-scientist-masters-program-training
https://www.simplilearn.com/pmp-plus-bundle-masters-program
https://www.simplilearn.com/quality-management/lean-six-sigma-certification-training-all-in-one-bundle
https://www.simplilearn.com/devops-engineer-masters-program-certification-training
https://www.simplilearn.com/business-analyst-certification-training-course
https://www.simplilearn.com/digital-project-manager-masters-program-certification-training
https://www.simplilearn.com/full-stack-web-developer-mean-stack-certification-training
https://www.simplilearn.com/data-analyst-masters-certification-training-course
https://www.simplilearn.com/pmp-renewal-pack-to-earn-pdus-masters-program
https://www.simplilearn.com/cyber-security-expert-master-program-training-course
https://www.simplilearn.com/big-data-engineer-masters-certification-training-course
https://www.simplilearn.com/project-management/pmp-certification-training
https://www.simplilearn.com/agile-and-scrum/csm-certification-training
https://www.simplilearn.com/it-service-management/itil-foundation-training
https://www.simplilearn.com/quality-management/lean-six-sigma-green-belt-training
https://www.simplilearn.com/cloud-computing/aws-solution-architect-associate-training
https://www.simplilearn.com/cyber-security/ceh-certification
https://www.simplilearn.com/cyber-security/cisa-certification-training
https://www.simplilearn.com/project-management/prince2-foundation-certification-training
https://www.simplilearn.com/project-management/cbap-preparatory-course-training
https://www.simplilearn.com/cyber-security/cissp-certification-training
https://www.simplilearn.com/it-service-management/togaf-certification-program-training
https://www.switchup.org/bootcamps/simplilearn
https://www.trustpilot.com/review/simplilearn.com
https://www.coursereport.com/schools/simplilearn

https://www.linkedin.com/in/sameer-marathe-itil-csm-25655537/
https://www.linkedin.com/in/rajendra-prabhu-sivasamy-48557a19/
https://www.linkedin.com/in/goutamichitrapu/
https://www.linkedin.com/in/sabyasachisgupta/
https://www.linkedin.com/in/sreeram-narayan-49242890/
https://www.linkedin.com/in/satish-hiremath-b8945826/
https://www.simplilearn.com/corporate-training
https://www.simplilearn.com/corporate-training
https://stevieawards.com/sales/2018-stevie%C2%AE-award-winners
https://stevieawards.com/sales/2020-stevie%C2%AE-award-winners
https://tldrify.com/zx2
https://trainingindustry.com/top-training-companies/online-learning-libraries/2019-top-online-learning-library-companies/
https://trainingindustry.com/top-training-companies/online-learning-libraries/2020-top-online-learning-library-companies/
https://play.google.com/store/apps/details?id=com.mobile.simplilearn
https://apps.apple.com/app/simplilearn/id963042747?ls=1
https://www.simplilearn.com/refer-and-earn
https://www.facebook.com/simplilearn
https://www.twitter.com/simplilearn
https://www.youtube.com/user/Simplilearn
https://www.linkedin.com/company/simplilearn
https://web.telegram.org/#/im?p=@simplilearnupdates
https://t.me/simplilearnupdates
https://www.instagram.com/simplilearn_elearning/
https://www.simplilearn.com/about-us
https://www.simplilearn.com/careers
https://www.simplilearn.com/media
https://www.simplilearn.com/reviews
https://www.simplilearn.com/grievance-redressal
https://www.simplilearn.com/contact-us
https://www.simplilearn.com/become-our-trainer
https://www.simplilearn.com/guest-blogging
https://www.simplilearn.com/skillup-free-online-courses
https://www.simplilearn.com/skillup-sitemap
https://www.simplilearn.com/resources
https://www.simplilearn.com/feed
https://www.simplilearn.com/lp-offers-and-discount-coupon-codes
https://www.simplilearn.com/city-sitemap
https://www.simplilearn.com/corporate-training
https://www.simplilearn.com/reseller-partner-program-for-training-courses
https://www.simplilearn.com/digital-transformation-training
https://play.google.com/store/apps/details?id=com.mobile.simplilearn
https://apps.apple.com/app/simplilearn/id963042747?ls=1
https://www.simplilearn.com/pgp-project-management-certification-training-course
https://www.simplilearn.com/pgp-cyber-security-certification-training-course
https://www.simplilearn.com/pgp-data-science-certification-bootcamp-program
https://www.simplilearn.com/pgp-data-analytics-certification-training-course
https://www.simplilearn.com/pgp-business-analysis-certification-training-course
https://www.simplilearn.com/pgp-digital-marketing-certification-program
https://www.simplilearn.com/pgp-lean-six-sigma-certification-training-course
https://www.simplilearn.com/pgp-cloud-computing-certification-training-course
https://www.simplilearn.com/pgp-data-engineering-certification-training-course
https://www.simplilearn.com/pgp-ai-machine-learning-certification-training-course
https://www.simplilearn.com/pgp-full-stack-web-development-certification-training-course
https://www.simplilearn.com/pmp-plus-bundle-masters-program
https://www.simplilearn.com/big-data-engineer-masters-certification-training-course
https://www.simplilearn.com/big-data-and-analytics/senior-data-scientist-masters-program-training
https://www.simplilearn.com/data-analyst-masters-certification-training-course
https://www.simplilearn.com/artificial-intelligence-masters-program-training-course
https://www.simplilearn.com/cloud-solutions-architect-masters-program-training
https://www.simplilearn.com/devops-engineer-masters-program-certification-training
https://www.simplilearn.com/advanced-digital-marketing-certification-training-course
https://www.simplilearn.com/cyber-security-expert-master-program-training-course
https://www.simplilearn.com/full-stack-web-developer-mean-stack-certification-training
https://www.simplilearn.com/project-management/pmp-certification-training
https://www.simplilearn.com/big-data-and-analytics/big-data-and-hadoop-training
https://www.simplilearn.com/big-data-and-analytics/python-for-data-science-training
https://www.simplilearn.com/cloud-computing/aws-sysops-certification-training
https://www.simplilearn.com/cyber-security/cissp-certification-training
https://www.simplilearn.com/agile-and-scrum/csm-certification-training
https://www.simplilearn.com/it-service-management/itil-foundation-training
https://www.simplilearn.com/mobile-and-software-development/java-javaee-soa-development-training
https://www.simplilearn.com/mobile-and-software-development/python-development-training
https://www.simplilearn.com/tutorials/python-tutorial
https://www.simplilearn.com/tutorials/javascript-tutorial
https://www.simplilearn.com/tutorials/java-tutorial
https://www.simplilearn.com/tutorials/angular-tutorial
https://www.simplilearn.com/tutorials/nodejs-tutorial
https://www.simplilearn.com/tutorials/docker-tutorial
https://www.simplilearn.com/tutorials/git-tutorial
https://www.simplilearn.com/tutorials/kubernetes-tutorial
https://www.simplilearn.com/tutorials/power-bi-tutorial
https://www.simplilearn.com/tutorials/css-tutorial
https://www.simplilearn.com/terms-and-conditions#terms-of-use
https://www.simplilearn.com/terms-and-conditions#privacy-policy
https://www.simplilearn.com/terms-and-conditions#refund-policy
https://www.simplilearn.com/terms-and-conditions#rescheduling-policy
]]></system-out>
    <system-err><![CDATA[Starting ChromeDriver 104.0.5112.79 (3cf3e8c8a07d104b9e1260c910efb8f383285dc5-refs/branch-heads/5112@{#1307}) on port 13209
Only local connections are allowed.
Please see https://chromedriver.chromium.org/security-considerations for suggestions on keeping ChromeDriver safe.
ChromeDriver was started successfully.
Aug 17, 2022 3:29:43 PM org.openqa.selenium.remote.ProtocolHandshake createSession
INFO: Detected dialect: W3C
]]></system-err>
  </testcase>
  <testcase name="ParameterizedTest[1234@gmail.com, SfegBdx@l123](1)" classname="testcases.LoginTest" time="14.125">
    <system-err><![CDATA[Starting ChromeDriver 104.0.5112.79 (3cf3e8c8a07d104b9e1260c910efb8f383285dc5-refs/branch-heads/5112@{#1307}) on port 1995
Only local connections are allowed.
Please see https://chromedriver.chromium.org/security-considerations for suggestions on keeping ChromeDriver safe.
ChromeDriver was started successfully.
Aug 17, 2022 3:29:50 PM org.openqa.selenium.remote.ProtocolHandshake createSession
INFO: Detected dialect: W3C
]]></system-err>
  </testcase>
  <testcase name="loginFailureTest" classname="testcases.LoginTest" time="10.696">
    <system-err><![CDATA[Starting ChromeDriver 104.0.5112.79 (3cf3e8c8a07d104b9e1260c910efb8f383285dc5-refs/branch-heads/5112@{#1307}) on port 28017
Only local connections are allowed.
Please see https://chromedriver.chromium.org/security-considerations for suggestions on keeping ChromeDriver safe.
ChromeDriver was started successfully.
Aug 17, 2022 3:30:10 PM org.openqa.selenium.remote.ProtocolHandshake createSession
INFO: Detected dialect: W3C
]]></system-err>
  </testcase>
  <testcase name="loginSuccessTest" classname="testcases.LoginTest" time="13.507">
    <system-err><![CDATA[Starting ChromeDriver 104.0.5112.79 (3cf3e8c8a07d104b9e1260c910efb8f383285dc5-refs/branch-heads/5112@{#1307}) on port 2728
Only local connections are allowed.
Please see https://chromedriver.chromium.org/security-considerations for suggestions on keeping ChromeDriver safe.
ChromeDriver was started successfully.
Aug 17, 2022 3:30:25 PM org.openqa.selenium.remote.ProtocolHandshake createSession
INFO: Detected dialect: W3C
]]></system-err>
  </testcase>
</testsuite>