<?xml version="1.0" encoding="UTF-8"?>
<testng-results ignored="4" total="5" passed="1" failed="0" skipped="0">
  <reporter-output>
  </reporter-output>
  <suite started-at="2022-08-15T15:04:52Z" name="Default suite" finished-at="2022-08-15T15:05:00Z" duration-ms="8268">
    <groups>
    </groups>
    <test started-at="2022-08-15T15:04:52Z" name="Default test" finished-at="2022-08-15T15:05:00Z" duration-ms="8268">
      <class name="testcases.LoginTest">
        <test-method is-config="true" signature="DataSetUp()[pri:0, instance:testcases.LoginTest@4397ad89]" started-at="2022-08-15T15:04:52Z" name="DataSetUp" finished-at="2022-08-15T15:04:53Z" duration-ms="1120" status="PASS">
          <reporter-output>
          </reporter-output>
        </test-method> <!-- DataSetUp -->
        <test-method is-config="true" signature="Setup(java.lang.reflect.Method)[pri:0, instance:testcases.LoginTest@4397ad89]" started-at="2022-08-15T15:04:53Z" name="Setup" finished-at="2022-08-15T15:04:57Z" duration-ms="4270" status="PASS">
          <params>
            <param index="0">
              <value>
                <![CDATA[public void testcases.LoginTest.LinkList()]]>
              </value>
            </param>
          </params>
          <reporter-output>
          </reporter-output>
        </test-method> <!-- Setup -->
        <test-method signature="LinkList()[pri:0, instance:testcases.LoginTest@4397ad89]" started-at="2022-08-15T15:04:57Z" name="LinkList" finished-at="2022-08-15T15:05:00Z" duration-ms="2207" status="PASS">
          <reporter-output>
          </reporter-output>
        </test-method> <!-- LinkList -->
        <test-method is-config="true" signature="TearDown()[pri:0, instance:testcases.LoginTest@4397ad89]" started-at="2022-08-15T15:05:00Z" name="TearDown" finished-at="2022-08-15T15:05:00Z" duration-ms="263" status="PASS">
          <reporter-output>
          </reporter-output>
        </test-method> <!-- TearDown -->
        <test-method is-config="true" signature="DataTearDown()[pri:0, instance:testcases.LoginTest@4397ad89]" started-at="2022-08-15T15:05:00Z" name="DataTearDown" finished-at="2022-08-15T15:05:00Z" duration-ms="380" status="PASS">
          <reporter-output>
          </reporter-output>
        </test-method> <!-- DataTearDown -->
      </class> <!-- testcases.LoginTest -->
    </test> <!-- Default test -->
  </suite> <!-- Default suite -->
</testng-results>
